<?xml version="1.0" encoding="UTF-8"?>
<testng-results skipped="0" failed="0" ignored="0" total="1" passed="1">
  <reporter-output>
  </reporter-output>
  <suite name="Default suite" duration-ms="44215" started-at="2018-01-10T13:43:24Z" finished-at="2018-01-10T13:44:08Z">
    <groups>
    </groups>
    <test name="Default test" duration-ms="44215" started-at="2018-01-10T13:43:24Z" finished-at="2018-01-10T13:44:08Z">
      <class name="TestNG.Framework_001">
        <test-method status="PASS" signature="beforeMethod()[pri:0, instance:TestNG.Framework_001@6385cb26]" name="beforeMethod" is-config="true" duration-ms="6696" started-at="2018-01-10T19:13:24Z" finished-at="2018-01-10T19:13:31Z">
          <reporter-output>
          </reporter-output>
        </test-method> <!-- beforeMethod -->
        <test-method status="PASS" signature="main()[pri:0, instance:TestNG.Framework_001@6385cb26]" name="main" duration-ms="37487" started-at="2018-01-10T19:13:31Z" finished-at="2018-01-10T19:14:08Z">
          <reporter-output>
          </reporter-output>
        </test-method> <!-- main -->
        <test-method status="PASS" signature="afterMethod()[pri:0, instance:TestNG.Framework_001@6385cb26]" name="afterMethod" is-config="true" duration-ms="0" started-at="2018-01-10T19:14:08Z" finished-at="2018-01-10T19:14:08Z">
          <reporter-output>
          </reporter-output>
        </test-method> <!-- afterMethod -->
      </class> <!-- TestNG.Framework_001 -->
    </test> <!-- Default test -->
  </suite> <!-- Default suite -->
</testng-results>
